<?xml version="1.0" encoding="UTF-8"?>
<!-- Generated by org.testng.reporters.JUnitXMLReporter -->
<testsuite ignored="3" hostname="IT-PF2ZZQSP" failures="0" tests="1" name="Test" time="121.64" errors="0" timestamp="2022-04-01T21:33:57 EET">
  <testcase classname="tests.MusalaTest" name="facebookCompanyPage" time="84.371"/>
  <testcase classname="tests.MusalaTest" name="checkOpenPositions" time="0.0">
    <ignored/>
  </testcase> <!-- checkOpenPositions -->
  <testcase classname="tests.MusalaTest" name="contactUs_withInvalidEmail" time="0.0">
    <ignored/>
  </testcase> <!-- contactUs_withInvalidEmail -->
  <testcase classname="tests.MusalaTest" name="applyForPosition" time="0.0">
    <ignored/>
  </testcase> <!-- applyForPosition -->
</testsuite> <!-- Test -->
