<?xml version="1.0" encoding="UTF-8"?>
<testng-results ignored="3" total="4" passed="1" failed="0" skipped="0">
  <reporter-output>
  </reporter-output>
  <suite started-at="2022-04-01T21:31:56 EET" name="Suite" finished-at="2022-04-01T21:33:57 EET" duration-ms="121640">
    <groups>
    </groups>
    <test started-at="2022-04-01T21:31:56 EET" name="Test" finished-at="2022-04-01T21:33:57 EET" duration-ms="121640">
      <class name="tests.MusalaTest">
        <test-method is-config="true" signature="setup(java.lang.reflect.Method)[pri:0, instance:tests.MusalaTest@413f69cc]" started-at="2022-04-01T21:31:56 EET" name="setup" finished-at="2022-04-01T21:32:32 EET" duration-ms="36606" status="PASS">
          <params>
            <param index="0">
              <value>
                <![CDATA[public void tests.MusalaTest.facebookCompanyPage() throws java.lang.InterruptedException]]>
              </value>
            </param>
          </params>
          <reporter-output>
          </reporter-output>
        </test-method> <!-- setup -->
        <test-method is-config="true" signature="initUtlities()[pri:0, instance:tests.MusalaTest@413f69cc]" started-at="2022-04-01T21:32:32 EET" name="initUtlities" finished-at="2022-04-01T21:32:32 EET" duration-ms="11" status="PASS">
          <reporter-output>
          </reporter-output>
        </test-method> <!-- initUtlities -->
        <test-method signature="facebookCompanyPage()[pri:1, instance:tests.MusalaTest@413f69cc]" started-at="2022-04-01T21:32:32 EET" name="facebookCompanyPage" description="Company profile on facebook" finished-at="2022-04-01T21:33:57 EET" duration-ms="84371" status="PASS">
          <reporter-output>
          </reporter-output>
        </test-method> <!-- facebookCompanyPage -->
        <test-method is-config="true" signature="tearDown()[pri:0, instance:tests.MusalaTest@413f69cc]" started-at="2022-04-01T21:33:57 EET" name="tearDown" finished-at="2022-04-01T21:33:57 EET" duration-ms="417" status="PASS">
          <reporter-output>
          </reporter-output>
        </test-method> <!-- tearDown -->
        <test-method is-config="true" signature="afterClass()[pri:0, instance:tests.MusalaTest@413f69cc]" started-at="2022-04-01T21:33:57 EET" name="afterClass" finished-at="2022-04-01T21:33:57 EET" duration-ms="1" status="PASS">
          <reporter-output>
          </reporter-output>
        </test-method> <!-- afterClass -->
      </class> <!-- tests.MusalaTest -->
    </test> <!-- Test -->
  </suite> <!-- Suite -->
</testng-results>
